2025-12-19 18:22:25,314 [INFO] 开始启动浏览器实例
2025-12-19 18:22:45,549 [INFO] 浏览器实例启动成功
2025-12-19 18:22:47,718 [INFO] 开始获取全局公共参数
2025-12-19 18:22:47,718 [INFO] 正在请求登录接口获取token
2025-12-19 18:22:47,718 [INFO] 正在调用接口: POST http://10.100.0.184:11080/api/uaa/user/login
2025-12-19 18:22:50,061 [INFO] 接口调用成功: 200
2025-12-19 18:22:52,147 [INFO] 尝试从JSON路径 $.data.tokenValue 获取值
2025-12-19 18:22:52,147 [INFO] 成功获取到值: 73629e40-70be-44bc-be8d-4e2d78a9f0b2
2025-12-19 18:22:52,148 [INFO] 正在请求目标接口获取公共参数
2025-12-19 18:22:52,148 [INFO] 正在调用接口: POST http://10.100.0.184:11080/api/targetv2/target/all/simplified
2025-12-19 18:22:59,933 [INFO] 接口调用成功: 200
2025-12-19 18:23:01,978 [INFO] 正在调用接口: POST http://10.100.0.184:11080/api/targetv2/target/all/simplified
2025-12-19 18:23:06,445 [INFO] 接口调用成功: 200
2025-12-19 18:23:08,595 [INFO] 尝试从JSON路径 $.data.data[*][0] 获取值
2025-12-19 18:23:08,595 [INFO] 成功获取到值: 1113573244443213223
2025-12-19 18:23:08,626 [INFO] 尝试从JSON路径 $.data.data[*][2] 获取值
2025-12-19 18:23:08,626 [INFO] 成功获取到值: 664465188
2025-12-19 18:23:08,653 [INFO] 尝试从JSON路径 $.data.data[*][32] 获取值
2025-12-19 18:23:08,653 [INFO] 成功获取到值: BTBT2
2025-12-19 18:23:08,692 [INFO] 尝试从JSON路径 $.data.data[*][31] 获取值
2025-12-19 18:23:08,692 [INFO] 成功获取到值: 33466
2025-12-19 18:23:08,725 [INFO] 尝试从JSON路径 $.data.data[*][21] 获取值
2025-12-19 18:23:08,725 [INFO] 成功获取到值: 857516
2025-12-19 18:23:08,764 [INFO] 尝试从JSON路径 $.data.data[*][14] 获取值
2025-12-19 18:23:08,764 [INFO] 成功获取到值: lock12191117
2025-12-19 18:23:08,791 [INFO] 尝试从JSON路径 $.data.data[*][13] 获取值
2025-12-19 18:23:08,791 [INFO] 成功获取到值: 鲁长钓39067
2025-12-19 18:23:08,792 [INFO] 获取到的参数: targetId=1113573244443213223, mmsi=664465188, callSign=BTBT2, imo=33466, terminal=857516, vesselName=lock12191117, shipName=鲁长钓39067
2025-12-19 18:23:10,863 [INFO] 全局公共参数获取成功
2025-12-19 18:23:10,864 [INFO] 开始创建页面并执行登录
2025-12-19 18:23:11,103 [INFO] 正在导航到登录页面: http://10.100.0.184:11080/login
2025-12-19 18:23:43,208 [INFO] 正在执行登录操作
2025-12-19 18:23:58,633 [INFO] 登录成功
2025-12-19 18:23:58,633 [INFO] 首次执行：点击【目标筛选】→【一键筛选】
2025-12-19 18:24:30,809 [INFO] 首次执行：点击【目标筛选】→【一键筛选】
2025-12-19 18:25:02,000 [ERROR] 添加Allure附件时出错: type object 'AttachmentType' has no attribute 'APPLICATION_ZIP'
2025-12-19 18:25:02,040 [INFO] 页面上下文已关闭
2025-12-19 18:25:02,514 [INFO] 浏览器实例已关闭
