2026-01-08 16:16:05,613 [INFO] 开始启动浏览器实例
2026-01-08 16:16:29,926 [INFO] 浏览器实例启动成功
2026-01-08 16:16:32,056 [INFO] 开始获取全局公共参数
2026-01-08 16:16:32,056 [INFO] 正在请求登录接口获取token
2026-01-08 16:16:32,057 [INFO] 正在调用接口: POST http://10.100.0.184:11080/api/uaa/user/login
2026-01-08 16:16:34,288 [INFO] 接口调用成功: 200
2026-01-08 16:16:36,330 [INFO] 尝试从JSON路径 $.data.tokenValue 获取值
2026-01-08 16:16:36,330 [INFO] 成功获取到值: 12545320-0b86-4b2c-845d-f3c21f373842
2026-01-08 16:16:36,330 [INFO] 正在请求目标接口获取公共参数
2026-01-08 16:16:36,368 [INFO] 正在调用接口: POST http://10.100.0.184:11080/api/targetv2/target/all/simplified
2026-01-08 16:16:39,243 [INFO] 接口调用成功: 200
2026-01-08 16:16:41,289 [INFO] 正在调用接口: POST http://10.100.0.184:11080/api/targetv2/target/all/simplified
2026-01-08 16:16:46,239 [INFO] 接口调用成功: 200
2026-01-08 16:16:48,307 [INFO] 尝试从JSON路径 $.data.data[*][0] 获取值
2026-01-08 16:16:48,307 [INFO] 成功获取到值: 2601062048184060654
2026-01-08 16:16:48,331 [INFO] 尝试从JSON路径 $.data.data[*][2] 获取值
2026-01-08 16:16:48,332 [INFO] 成功获取到值: 413221820
2026-01-08 16:16:48,363 [INFO] 尝试从JSON路径 $.data.data[*][32] 获取值
2026-01-08 16:16:48,364 [INFO] 成功获取到值: BOID7
2026-01-08 16:16:48,388 [INFO] 尝试从JSON路径 $.data.data[*][31] 获取值
2026-01-08 16:16:48,388 [INFO] 成功获取到值: 9224477
2026-01-08 16:16:48,405 [INFO] 尝试从JSON路径 $.data.data[*][21] 获取值
2026-01-08 16:16:48,405 [INFO] 成功获取到值: 851986
2026-01-08 16:16:48,424 [INFO] 尝试从JSON路径 $.data.data[*][14] 获取值
2026-01-08 16:16:48,425 [INFO] 成功获取到值: HAI BAO YOU 99
2026-01-08 16:16:48,439 [INFO] 尝试从JSON路径 $.data.data[*][13] 获取值
2026-01-08 16:16:48,440 [INFO] 成功获取到值: 鲁岚渔60272
2026-01-08 16:16:48,441 [INFO] 获取到的参数: targetId=2601062048184060654, mmsi=413221820, callSign=BOID7, imo=9224477, terminal=851986, vesselName=HAI BAO YOU 99, shipName=鲁岚渔60272
2026-01-08 16:16:50,491 [INFO] 全局公共参数获取成功
2026-01-08 16:16:50,492 [INFO] 开始创建页面并执行登录
2026-01-08 16:16:50,767 [INFO] 正在导航到登录页面: http://10.100.0.184:11080/login
2026-01-08 16:17:02,549 [INFO] 正在执行登录操作
2026-01-08 16:17:03,822 [INFO] 登录成功
2026-01-08 16:17:03,823 [INFO] 开始执行测试用例: test_target_search_by_field[mmsi]
2026-01-08 16:17:03,824 [INFO] 正在搜索 MMSI: 413221820
2026-01-08 16:17:08,048 [INFO] 接口返回状态码: 200
2026-01-08 16:17:08,152 [INFO] 从JSON路径 $..callSign 获取值: [None]
2026-01-08 16:17:08,153 [INFO] 从JSON路径 $..targetId 获取值: ['2008384372830384128']
2026-01-08 16:17:08,153 [INFO] 从JSON路径 $..mmsi 获取值: [413221820]
2026-01-08 16:17:08,153 [INFO] 从JSON路径 $..vesselName 获取值: ['HAI BAO YOU 99']
2026-01-08 16:17:08,153 [INFO] 从JSON路径 $..shipName 获取值: [None]
2026-01-08 16:17:08,154 [INFO] 从JSON路径 $..imo 获取值: [None]
2026-01-08 16:17:08,154 [INFO] 期望值: 413221820, 实际返回值: [[None, '2008384372830384128', 413221820, 'HAI BAO YOU 99', None, None]]
2026-01-08 16:17:08,155 [INFO] 测试用例执行完成: test_target_search_by_field[mmsi]
2026-01-08 16:17:08,157 [INFO] 开始执行测试用例: test_target_search_by_field[callSign]
2026-01-08 16:17:08,157 [INFO] 正在搜索 呼号: BOID7
2026-01-08 16:17:19,024 [INFO] 接口返回状态码: 200
2026-01-08 16:17:19,027 [INFO] 从JSON路径 $..callSign 获取值: ['BOID7', 'BOID7']
2026-01-08 16:17:19,027 [INFO] 从JSON路径 $..targetId 获取值: [None, None]
2026-01-08 16:17:19,028 [INFO] 从JSON路径 $..mmsi 获取值: [414457000, 413146280]
2026-01-08 16:17:19,028 [INFO] 从JSON路径 $..vesselName 获取值: ['DECHENG6', 'DECHENG6']
2026-01-08 16:17:19,028 [INFO] 从JSON路径 $..shipName 获取值: [None, None]
2026-01-08 16:17:19,028 [INFO] 从JSON路径 $..imo 获取值: ['1400704', None]
2026-01-08 16:17:19,028 [INFO] 期望值: BOID7, 实际返回值: [['BOID7', None, 414457000, 'DECHENG6', None, '1400704'], ['BOID7', None, 413146280, 'DECHENG6', None, None]]
2026-01-08 16:17:19,029 [INFO] 测试用例执行完成: test_target_search_by_field[callSign]
2026-01-08 16:17:19,032 [INFO] 开始执行测试用例: test_target_search_by_field[imo]
2026-01-08 16:17:19,032 [INFO] 正在搜索 IMO: 9224477
2026-01-08 16:17:26,506 [INFO] 接口返回状态码: 200
2026-01-08 16:17:26,526 [INFO] 从JSON路径 $..callSign 获取值: ['BRSA', 'BP3K!#', 'BRSA', 'BRSA', 'BP3A !']
2026-01-08 16:17:26,527 [INFO] 从JSON路径 $..targetId 获取值: [None, None, None, None, None]
2026-01-08 16:17:26,527 [INFO] 从JSON路径 $..mmsi 获取值: [414404000, 414408096, 414403972, 414420384, 950472096]
2026-01-08 16:17:26,528 [INFO] 从JSON路径 $..vesselName 获取值: ['XINYANGXINSHIDAI', 'XIN SANG XIN SHS0', 'PIN YANG XIN SHI DAI', 'XIN YANG XIN SHI DAI', 'PINAXQNG XIM SDI']
2026-01-08 16:17:26,528 [INFO] 从JSON路径 $..shipName 获取值: [None, None, None, None, None]
2026-01-08 16:17:26,528 [INFO] 从JSON路径 $..imo 获取值: ['9224477', '9224477', '9224477', '9224477', '9224477']
2026-01-08 16:17:26,528 [INFO] 期望值: 9224477, 实际返回值: [['BRSA', None, 414404000, 'XINYANGXINSHIDAI', None, '9224477'], ['BP3K!#', None, 414408096, 'XIN SANG XIN SHS0', None, '9224477'], ['BRSA', None, 414403972, 'PIN YANG XIN SHI DAI', None, '9224477'], ['BRSA', None, 414420384, 'XIN YANG XIN SHI DAI', None, '9224477'], ['BP3A !', None, 950472096, 'PINAXQNG XIM SDI', None, '9224477']]
2026-01-08 16:17:26,530 [INFO] 测试用例执行完成: test_target_search_by_field[imo]
2026-01-08 16:17:26,534 [INFO] 开始执行测试用例: test_target_search_by_field[terminal]
2026-01-08 16:17:26,534 [INFO] 正在搜索 北斗号: 851986
2026-01-08 16:17:32,019 [INFO] 接口返回状态码: 200
2026-01-08 16:17:32,022 [INFO] 从JSON路径 $..callSign 获取值: [None, None, None, None, None, None, None, '0', ' 100%', None]
2026-01-08 16:17:32,022 [INFO] 从JSON路径 $..targetId 获取值: ['851986', None, None, None, None, None, None, None, None, None]
2026-01-08 16:17:32,022 [INFO] 从JSON路径 $..mmsi 获取值: [None, 100068874, 585850019, 8851986, 794851986, 413851986, 888519868, 420851986, 898519863, 851986059]
2026-01-08 16:17:32,022 [INFO] 从JSON路径 $..vesselName 获取值: [None, '028851986', 'MINHUIYU585851986', '02226356', 'SANDY', 'JJHW2KPO9', '88846  100%', 'ZHONGG%OHAIJIAN9008', None, None]
2026-01-08 16:17:32,022 [INFO] 从JSON路径 $..shipName 获取值: ['鲁岚渔60272', None, None, None, None, None, None, None, None, None]
2026-01-08 16:17:32,022 [INFO] 从JSON路径 $..imo 获取值: [None, None, None, None, None, None, None, None, None, None]
2026-01-08 16:17:32,022 [INFO] 期望值: 851986, 实际返回值: [[None, '851986', None, None, '鲁岚渔60272', None], [None, None, 100068874, '028851986', None, None], [None, None, 585850019, 'MINHUIYU585851986', None, None], [None, None, 8851986, '02226356', None, None], [None, None, 794851986, 'SANDY', None, None], [None, None, 413851986, 'JJHW2KPO9', None, None], [None, None, 888519868, '88846  100%', None, None], ['0', None, 420851986, 'ZHONGG%OHAIJIAN9008', None, None], [' 100%', None, 898519863, None, None, None], [None, None, 851986059, None, None, None]]
2026-01-08 16:17:32,023 [INFO] 测试用例执行完成: test_target_search_by_field[terminal]
2026-01-08 16:17:32,024 [INFO] 开始执行测试用例: test_target_search_by_field[vesselName]
2026-01-08 16:17:32,025 [INFO] 正在搜索 北斗船名: HAI BAO YOU 99
2026-01-08 16:17:34,482 [INFO] 接口返回状态码: 200
2026-01-08 16:17:34,484 [INFO] 从JSON路径 $..callSign 获取值: [" ,R*+T'", None, None]
2026-01-08 16:17:34,485 [INFO] 从JSON路径 $..targetId 获取值: [None, None, None]
2026-01-08 16:17:34,485 [INFO] 从JSON路径 $..mmsi 获取值: [413221820, 413746110, 447300540]
2026-01-08 16:17:34,485 [INFO] 从JSON路径 $..vesselName 获取值: ['HAI BAO YOU 99', 'HAI BAO YOU 99', 'HAI BAO YOU 99']
2026-01-08 16:17:34,485 [INFO] 从JSON路径 $..shipName 获取值: [None, None, None]
2026-01-08 16:17:34,485 [INFO] 从JSON路径 $..imo 获取值: ['0', None, None]
2026-01-08 16:17:34,485 [INFO] 期望值: HAI BAO YOU 99, 实际返回值: [[" ,R*+T'", None, 413221820, 'HAI BAO YOU 99', None, '0'], [None, None, 413746110, 'HAI BAO YOU 99', None, None], [None, None, 447300540, 'HAI BAO YOU 99', None, None]]
2026-01-08 16:17:34,487 [INFO] 测试用例执行完成: test_target_search_by_field[vesselName]
2026-01-08 16:17:34,490 [INFO] 开始执行测试用例: test_target_search_by_field[shipName]
2026-01-08 16:17:34,491 [INFO] 正在搜索 船名: 鲁岚渔60272
2026-01-08 16:17:36,685 [INFO] 接口返回状态码: 200
2026-01-08 16:17:36,712 [INFO] 从JSON路径 $..callSign 获取值: [None, None]
2026-01-08 16:17:36,712 [INFO] 从JSON路径 $..targetId 获取值: [None, None]
2026-01-08 16:17:36,712 [INFO] 从JSON路径 $..mmsi 获取值: [None, None]
2026-01-08 16:17:36,712 [INFO] 从JSON路径 $..vesselName 获取值: [None, None]
2026-01-08 16:17:36,712 [INFO] 从JSON路径 $..shipName 获取值: ['鲁岚渔60272', '鲁岚渔60272']
2026-01-08 16:17:36,712 [INFO] 从JSON路径 $..imo 获取值: [None, None]
2026-01-08 16:17:36,712 [INFO] 期望值: 鲁岚渔60272, 实际返回值: [[None, None, None, None, '鲁岚渔60272', None], [None, None, None, None, '鲁岚渔60272', None]]
2026-01-08 16:17:36,713 [INFO] 测试用例执行完成: test_target_search_by_field[shipName]
2026-01-08 16:17:36,716 [INFO] 开始执行测试用例: test_target_search_by_field[targetId]
2026-01-08 16:17:36,716 [INFO] 正在搜索 目标ID: 2601062048184060654
2026-01-08 16:17:40,202 [INFO] 接口返回状态码: 200
2026-01-08 16:17:40,205 [INFO] 从JSON路径 $..targetId 获取值: ['2601062048184060654']
2026-01-08 16:17:40,205 [INFO] 期望值: 2601062048184060654, 实际返回值: ['2601062048184060654']
2026-01-08 16:17:40,207 [INFO] 测试用例执行完成: test_target_search_by_field[targetId]
2026-01-08 16:17:41,164 [ERROR] 添加Allure附件时出错: type object 'AttachmentType' has no attribute 'APPLICATION_ZIP'
2026-01-08 16:17:41,188 [INFO] 页面上下文已关闭
2026-01-08 16:17:41,643 [INFO] 浏览器实例已关闭
2026-01-08 16:18:01,108 [INFO] 开始启动浏览器实例
2026-01-08 16:18:01,785 [INFO] 浏览器实例启动成功
2026-01-08 16:18:03,862 [INFO] 开始获取全局公共参数
2026-01-08 16:18:03,862 [INFO] 正在请求登录接口获取token
2026-01-08 16:18:03,862 [INFO] 正在调用接口: POST http://10.100.0.184:11080/api/uaa/user/login
2026-01-08 16:18:06,229 [INFO] 接口调用成功: 200
2026-01-08 16:18:08,270 [INFO] 尝试从JSON路径 $.data.tokenValue 获取值
2026-01-08 16:18:08,270 [INFO] 成功获取到值: 12545320-0b86-4b2c-845d-f3c21f373842
2026-01-08 16:18:08,270 [INFO] 正在请求目标接口获取公共参数
2026-01-08 16:18:08,271 [INFO] 正在调用接口: POST http://10.100.0.184:11080/api/targetv2/target/all/simplified
2026-01-08 16:18:11,266 [INFO] 接口调用成功: 200
2026-01-08 16:18:13,308 [INFO] 正在调用接口: POST http://10.100.0.184:11080/api/targetv2/target/all/simplified
2026-01-08 16:18:15,993 [INFO] 接口调用成功: 200
2026-01-08 16:18:18,056 [INFO] 尝试从JSON路径 $.data.data[*][0] 获取值
2026-01-08 16:18:18,056 [INFO] 成功获取到值: 2512201459304050892
2026-01-08 16:18:18,077 [INFO] 尝试从JSON路径 $.data.data[*][2] 获取值
2026-01-08 16:18:18,077 [INFO] 成功获取到值: 636022156
2026-01-08 16:18:18,097 [INFO] 尝试从JSON路径 $.data.data[*][32] 获取值
2026-01-08 16:18:18,097 [INFO] 成功获取到值: 5LHK9
2026-01-08 16:18:18,119 [INFO] 尝试从JSON路径 $.data.data[*][31] 获取值
2026-01-08 16:18:18,119 [INFO] 成功获取到值: 9324667
2026-01-08 16:18:18,138 [INFO] 尝试从JSON路径 $.data.data[*][21] 获取值
2026-01-08 16:18:18,138 [INFO] 成功获取到值: 980428
2026-01-08 16:18:18,156 [INFO] 尝试从JSON路径 $.data.data[*][14] 获取值
2026-01-08 16:18:18,156 [INFO] 成功获取到值: AE SATURN
2026-01-08 16:18:18,172 [INFO] 尝试从JSON路径 $.data.data[*][13] 获取值
2026-01-08 16:18:18,172 [INFO] 成功获取到值: 鲁长渔养68059
2026-01-08 16:18:18,173 [INFO] 获取到的参数: targetId=2512201459304050892, mmsi=636022156, callSign=5LHK9, imo=9324667, terminal=980428, vesselName=AE SATURN, shipName=鲁长渔养68059
2026-01-08 16:18:20,214 [INFO] 全局公共参数获取成功
2026-01-08 16:18:20,215 [INFO] 开始创建页面并执行登录
2026-01-08 16:18:20,515 [INFO] 正在导航到登录页面: http://10.100.0.184:11080/login
2026-01-08 16:18:34,100 [INFO] 正在执行登录操作
2026-01-08 16:18:35,283 [INFO] 登录成功
2026-01-08 16:18:35,283 [INFO] 首次执行：点击【目标筛选】→【一键筛选】
2026-01-08 16:19:05,579 [INFO] 首次执行：点击【目标筛选】→【一键筛选】
2026-01-08 16:19:18,217 [ERROR] 添加Allure附件时出错: type object 'AttachmentType' has no attribute 'APPLICATION_ZIP'
2026-01-08 16:19:18,247 [INFO] 页面上下文已关闭
2026-01-08 16:19:18,677 [INFO] 浏览器实例已关闭
2026-01-08 16:24:19,418 [INFO] 开始启动浏览器实例
2026-01-08 16:24:20,067 [INFO] 浏览器实例启动成功
2026-01-08 16:24:22,144 [INFO] 开始获取全局公共参数
2026-01-08 16:24:22,144 [INFO] 正在请求登录接口获取token
2026-01-08 16:24:22,144 [INFO] 正在调用接口: POST http://10.100.0.184:11080/api/uaa/user/login
2026-01-08 16:24:24,350 [INFO] 接口调用成功: 200
2026-01-08 16:24:26,389 [INFO] 尝试从JSON路径 $.data.tokenValue 获取值
2026-01-08 16:24:26,389 [INFO] 成功获取到值: 12545320-0b86-4b2c-845d-f3c21f373842
2026-01-08 16:24:26,389 [INFO] 正在请求目标接口获取公共参数
2026-01-08 16:24:26,389 [INFO] 正在调用接口: POST http://10.100.0.184:11080/api/targetv2/target/all/simplified
2026-01-08 16:24:31,019 [INFO] 接口调用成功: 200
2026-01-08 16:24:33,063 [INFO] 正在调用接口: POST http://10.100.0.184:11080/api/targetv2/target/all/simplified
2026-01-08 16:24:35,826 [INFO] 接口调用成功: 200
2026-01-08 16:24:37,946 [INFO] 尝试从JSON路径 $.data.data[*][0] 获取值
2026-01-08 16:24:37,947 [INFO] 成功获取到值: 2601080437324056129
2026-01-08 16:24:37,966 [INFO] 尝试从JSON路径 $.data.data[*][2] 获取值
2026-01-08 16:24:37,967 [INFO] 成功获取到值: 412251002
2026-01-08 16:24:37,990 [INFO] 尝试从JSON路径 $.data.data[*][32] 获取值
2026-01-08 16:24:37,990 [INFO] 成功获取到值: BLTB6
2026-01-08 16:24:38,008 [INFO] 尝试从JSON路径 $.data.data[*][31] 获取值
2026-01-08 16:24:38,008 [INFO] 成功获取到值: 1059981
2026-01-08 16:24:38,025 [INFO] 尝试从JSON路径 $.data.data[*][21] 获取值
2026-01-08 16:24:38,026 [INFO] 成功获取到值: 857241
2026-01-08 16:24:38,043 [INFO] 尝试从JSON路径 $.data.data[*][14] 获取值
2026-01-08 16:24:38,043 [INFO] 成功获取到值: DACHANGBU5138
2026-01-08 16:24:38,060 [INFO] 尝试从JSON路径 $.data.data[*][13] 获取值
2026-01-08 16:24:38,060 [INFO] 成功获取到值: 鲁长钓38005
2026-01-08 16:24:38,062 [INFO] 获取到的参数: targetId=2601080437324056129, mmsi=412251002, callSign=BLTB6, imo=1059981, terminal=857241, vesselName=DACHANGBU5138, shipName=鲁长钓38005
2026-01-08 16:24:40,103 [INFO] 全局公共参数获取成功
2026-01-08 16:24:40,103 [INFO] 开始创建页面并执行登录
2026-01-08 16:24:40,410 [INFO] 正在导航到登录页面: http://10.100.0.184:11080/login
2026-01-08 16:24:52,125 [INFO] 正在执行登录操作
2026-01-08 16:24:53,776 [INFO] 登录成功
2026-01-08 16:24:53,776 [INFO] 首次执行：点击【目标筛选】→【一键筛选】
2026-01-08 16:25:24,110 [INFO] 首次执行：点击【目标筛选】→【一键筛选】
2026-01-08 16:25:55,059 [ERROR] 添加Allure附件时出错: type object 'AttachmentType' has no attribute 'APPLICATION_ZIP'
2026-01-08 16:25:55,099 [INFO] 页面上下文已关闭
2026-01-08 16:25:55,601 [INFO] 浏览器实例已关闭
2026-01-08 16:54:50,508 [INFO] 开始启动浏览器实例
2026-01-08 16:54:51,275 [INFO] 浏览器实例启动成功
2026-01-08 16:54:53,353 [INFO] 开始获取全局公共参数
2026-01-08 16:54:53,354 [INFO] 正在请求登录接口获取token
2026-01-08 16:54:53,354 [INFO] 正在调用接口: POST http://10.100.0.184:11080/api/uaa/user/login
2026-01-08 16:54:55,600 [INFO] 接口调用成功: 200
2026-01-08 16:54:57,640 [INFO] 尝试从JSON路径 $.data.tokenValue 获取值
2026-01-08 16:54:57,641 [INFO] 成功获取到值: 12545320-0b86-4b2c-845d-f3c21f373842
2026-01-08 16:54:57,641 [INFO] 正在请求目标接口获取公共参数
2026-01-08 16:54:57,641 [INFO] 正在调用接口: POST http://10.100.0.184:11080/api/targetv2/target/all/simplified
2026-01-08 16:55:00,307 [INFO] 接口调用成功: 200
2026-01-08 16:55:02,354 [INFO] 正在调用接口: POST http://10.100.0.184:11080/api/targetv2/target/all/simplified
2026-01-08 16:55:05,087 [INFO] 接口调用成功: 200
2026-01-08 16:55:07,153 [INFO] 尝试从JSON路径 $.data.data[*][0] 获取值
2026-01-08 16:55:07,153 [INFO] 成功获取到值: 2512311843164067827
2026-01-08 16:55:07,178 [INFO] 尝试从JSON路径 $.data.data[*][2] 获取值
2026-01-08 16:55:07,178 [INFO] 成功获取到值: 413272030
2026-01-08 16:55:07,200 [INFO] 尝试从JSON路径 $.data.data[*][32] 获取值
2026-01-08 16:55:07,200 [INFO] 成功获取到值: BOSA4
2026-01-08 16:55:07,227 [INFO] 尝试从JSON路径 $.data.data[*][31] 获取值
2026-01-08 16:55:07,228 [INFO] 成功获取到值: 9573426
2026-01-08 16:55:07,242 [INFO] 尝试从JSON路径 $.data.data[*][21] 获取值
2026-01-08 16:55:07,242 [INFO] 成功获取到值: 848127
2026-01-08 16:55:07,264 [INFO] 尝试从JSON路径 $.data.data[*][14] 获取值
2026-01-08 16:55:07,265 [INFO] 成功获取到值: QIN GANG 22
2026-01-08 16:55:07,279 [INFO] 尝试从JSON路径 $.data.data[*][13] 获取值
2026-01-08 16:55:07,279 [INFO] 成功获取到值: 鲁长渔61196
2026-01-08 16:55:07,280 [INFO] 获取到的参数: targetId=2512311843164067827, mmsi=413272030, callSign=BOSA4, imo=9573426, terminal=848127, vesselName=QIN GANG 22, shipName=鲁长渔61196
2026-01-08 16:55:09,317 [INFO] 全局公共参数获取成功
2026-01-08 16:55:09,318 [INFO] 开始创建页面并执行登录
2026-01-08 16:55:09,634 [INFO] 正在导航到登录页面: http://10.100.0.184:11080/login
2026-01-08 16:55:21,822 [INFO] 正在执行登录操作
2026-01-08 16:55:23,049 [INFO] 登录成功
2026-01-08 16:55:23,049 [INFO] 首次执行：点击【目标筛选】→【一键筛选】
2026-01-08 16:55:53,247 [INFO] 首次执行：点击【目标筛选】→【一键筛选】
2026-01-08 16:56:24,151 [ERROR] 添加Allure附件时出错: type object 'AttachmentType' has no attribute 'APPLICATION_ZIP'
2026-01-08 16:56:24,206 [INFO] 页面上下文已关闭
2026-01-08 16:56:24,683 [INFO] 浏览器实例已关闭
2026-01-08 16:56:27,152 [INFO] 开始启动浏览器实例
2026-01-08 16:56:27,925 [INFO] 浏览器实例启动成功
2026-01-08 16:56:30,000 [INFO] 开始获取全局公共参数
2026-01-08 16:56:30,001 [INFO] 正在请求登录接口获取token
2026-01-08 16:56:30,001 [INFO] 正在调用接口: POST http://10.100.0.184:11080/api/uaa/user/login
2026-01-08 16:56:32,213 [INFO] 接口调用成功: 200
2026-01-08 16:56:34,252 [INFO] 尝试从JSON路径 $.data.tokenValue 获取值
2026-01-08 16:56:34,252 [INFO] 成功获取到值: 12545320-0b86-4b2c-845d-f3c21f373842
2026-01-08 16:56:34,253 [INFO] 正在请求目标接口获取公共参数
2026-01-08 16:56:34,289 [INFO] 正在调用接口: POST http://10.100.0.184:11080/api/targetv2/target/all/simplified
2026-01-08 16:56:37,021 [INFO] 接口调用成功: 200
2026-01-08 16:56:39,059 [INFO] 正在调用接口: POST http://10.100.0.184:11080/api/targetv2/target/all/simplified
2026-01-08 16:56:41,664 [INFO] 接口调用成功: 200
2026-01-08 16:56:43,736 [INFO] 尝试从JSON路径 $.data.data[*][0] 获取值
2026-01-08 16:56:43,736 [INFO] 成功获取到值: 2512300706524082260
2026-01-08 16:56:43,758 [INFO] 尝试从JSON路径 $.data.data[*][2] 获取值
2026-01-08 16:56:43,758 [INFO] 成功获取到值: 412207540
2026-01-08 16:56:43,781 [INFO] 尝试从JSON路径 $.data.data[*][32] 获取值
2026-01-08 16:56:43,781 [INFO] 成功获取到值: BTBD2
2026-01-08 16:56:43,806 [INFO] 尝试从JSON路径 $.data.data[*][31] 获取值
2026-01-08 16:56:43,806 [INFO] 成功获取到值: 9570369
2026-01-08 16:56:43,823 [INFO] 尝试从JSON路径 $.data.data[*][21] 获取值
2026-01-08 16:56:43,824 [INFO] 成功获取到值: 358598
2026-01-08 16:56:43,845 [INFO] 尝试从JSON路径 $.data.data[*][14] 获取值
2026-01-08 16:56:43,846 [INFO] 成功获取到值: LIANGANG41
2026-01-08 16:56:43,856 [INFO] 尝试从JSON路径 $.data.data[*][13] 获取值
2026-01-08 16:56:43,857 [INFO] 成功获取到值: 鲁荣渔55897
2026-01-08 16:56:43,858 [INFO] 获取到的参数: targetId=2512300706524082260, mmsi=412207540, callSign=BTBD2, imo=9570369, terminal=358598, vesselName=LIANGANG41, shipName=鲁荣渔55897
2026-01-08 16:56:45,909 [INFO] 全局公共参数获取成功
2026-01-08 16:56:45,910 [INFO] 开始创建页面并执行登录
2026-01-08 16:56:46,278 [INFO] 正在导航到登录页面: http://10.100.0.184:11080/login
2026-01-08 16:57:01,966 [INFO] 正在执行登录操作
2026-01-08 16:57:03,203 [INFO] 登录成功
2026-01-08 16:57:03,204 [INFO] 首次执行：点击【目标筛选】→【一键筛选】
2026-01-08 16:57:33,802 [INFO] 首次执行：点击【目标筛选】→【一键筛选】
2026-01-08 16:58:04,549 [ERROR] 添加Allure附件时出错: type object 'AttachmentType' has no attribute 'APPLICATION_ZIP'
2026-01-08 16:58:04,589 [INFO] 页面上下文已关闭
2026-01-08 16:58:05,059 [INFO] 浏览器实例已关闭
2026-01-08 16:59:30,204 [INFO] 开始启动浏览器实例
2026-01-08 16:59:30,882 [INFO] 浏览器实例启动成功
2026-01-08 16:59:32,957 [INFO] 开始获取全局公共参数
2026-01-08 16:59:32,957 [INFO] 正在请求登录接口获取token
2026-01-08 16:59:32,957 [INFO] 正在调用接口: POST http://10.100.0.184:11080/api/uaa/user/login
2026-01-08 16:59:35,153 [INFO] 接口调用成功: 200
2026-01-08 16:59:37,191 [INFO] 尝试从JSON路径 $.data.tokenValue 获取值
2026-01-08 16:59:37,191 [INFO] 成功获取到值: 12545320-0b86-4b2c-845d-f3c21f373842
2026-01-08 16:59:37,191 [INFO] 正在请求目标接口获取公共参数
2026-01-08 16:59:37,192 [INFO] 正在调用接口: POST http://10.100.0.184:11080/api/targetv2/target/all/simplified
2026-01-08 16:59:41,901 [INFO] 接口调用成功: 200
2026-01-08 16:59:43,941 [INFO] 正在调用接口: POST http://10.100.0.184:11080/api/targetv2/target/all/simplified
2026-01-08 16:59:46,456 [INFO] 接口调用成功: 200
2026-01-08 16:59:48,525 [INFO] 尝试从JSON路径 $.data.data[*][0] 获取值
2026-01-08 16:59:48,525 [INFO] 成功获取到值: 2601081510224024609
2026-01-08 16:59:48,552 [INFO] 尝试从JSON路径 $.data.data[*][2] 获取值
2026-01-08 16:59:48,552 [INFO] 成功获取到值: 412281554
2026-01-08 16:59:48,579 [INFO] 尝试从JSON路径 $.data.data[*][32] 获取值
2026-01-08 16:59:48,579 [INFO] 成功获取到值: BONV9
2026-01-08 16:59:48,605 [INFO] 尝试从JSON路径 $.data.data[*][31] 获取值
2026-01-08 16:59:48,605 [INFO] 成功获取到值: 9324667
2026-01-08 16:59:48,622 [INFO] 尝试从JSON路径 $.data.data[*][21] 获取值
2026-01-08 16:59:48,622 [INFO] 成功获取到值: 876857
2026-01-08 16:59:48,645 [INFO] 尝试从JSON路径 $.data.data[*][14] 获取值
2026-01-08 16:59:48,645 [INFO] 成功获取到值: JIBEIXINYUYANG00025
2026-01-08 16:59:48,661 [INFO] 尝试从JSON路径 $.data.data[*][13] 获取值
2026-01-08 16:59:48,661 [INFO] 成功获取到值: 鲁潍渔63009
2026-01-08 16:59:48,661 [INFO] 获取到的参数: targetId=2601081510224024609, mmsi=412281554, callSign=BONV9, imo=9324667, terminal=876857, vesselName=JIBEIXINYUYANG00025, shipName=鲁潍渔63009
2026-01-08 16:59:50,707 [INFO] 全局公共参数获取成功
2026-01-08 16:59:50,708 [INFO] 开始创建页面并执行登录
2026-01-08 16:59:51,023 [INFO] 正在导航到登录页面: http://10.100.0.184:11080/login
2026-01-08 17:00:03,127 [INFO] 正在执行登录操作
2026-01-08 17:00:04,358 [INFO] 登录成功
2026-01-08 17:00:04,358 [INFO] 首次执行：点击【目标筛选】→【一键筛选】
2026-01-08 17:00:10,169 [INFO] 开始执行测试用例: test_target_filter_by_oneClick[小目标]
2026-01-08 17:00:14,259 [INFO] 测试用例执行完成: test_target_filter_by_oneClick[小目标]
2026-01-08 17:00:14,261 [INFO] 已初始化一键筛选面板，跳过导航
2026-01-08 17:00:14,262 [INFO] 开始执行测试用例: test_target_filter_by_oneClick[高速目标]
2026-01-08 17:00:16,410 [INFO] 测试用例执行完成: test_target_filter_by_oneClick[高速目标]
2026-01-08 17:00:17,266 [ERROR] 添加Allure附件时出错: type object 'AttachmentType' has no attribute 'APPLICATION_ZIP'
2026-01-08 17:00:17,298 [INFO] 页面上下文已关闭
2026-01-08 17:00:17,730 [INFO] 浏览器实例已关闭
2026-01-08 17:02:56,695 [INFO] 开始启动浏览器实例
2026-01-08 17:02:57,393 [INFO] 浏览器实例启动成功
2026-01-08 17:02:59,465 [INFO] 开始获取全局公共参数
2026-01-08 17:02:59,466 [INFO] 正在请求登录接口获取token
2026-01-08 17:02:59,466 [INFO] 正在调用接口: POST http://10.100.0.184:11080/api/uaa/user/login
2026-01-08 17:03:01,800 [INFO] 接口调用成功: 200
2026-01-08 17:03:03,842 [INFO] 尝试从JSON路径 $.data.tokenValue 获取值
2026-01-08 17:03:03,842 [INFO] 成功获取到值: 12545320-0b86-4b2c-845d-f3c21f373842
2026-01-08 17:03:03,843 [INFO] 正在请求目标接口获取公共参数
2026-01-08 17:03:03,843 [INFO] 正在调用接口: POST http://10.100.0.184:11080/api/targetv2/target/all/simplified
2026-01-08 17:03:06,535 [INFO] 接口调用成功: 200
2026-01-08 17:03:08,586 [INFO] 正在调用接口: POST http://10.100.0.184:11080/api/targetv2/target/all/simplified
2026-01-08 17:03:11,112 [INFO] 接口调用成功: 200
2026-01-08 17:03:13,175 [INFO] 尝试从JSON路径 $.data.data[*][0] 获取值
2026-01-08 17:03:13,175 [INFO] 成功获取到值: 2512310633514011143
2026-01-08 17:03:13,201 [INFO] 尝试从JSON路径 $.data.data[*][2] 获取值
2026-01-08 17:03:13,202 [INFO] 成功获取到值: 412271730
2026-01-08 17:03:13,228 [INFO] 尝试从JSON路径 $.data.data[*][32] 获取值
2026-01-08 17:03:13,228 [INFO] 成功获取到值: BQHN7
2026-01-08 17:03:13,255 [INFO] 尝试从JSON路径 $.data.data[*][31] 获取值
2026-01-08 17:03:13,255 [INFO] 成功获取到值: 1059981
2026-01-08 17:03:13,276 [INFO] 尝试从JSON路径 $.data.data[*][21] 获取值
2026-01-08 17:03:13,276 [INFO] 成功获取到值: 1434522
2026-01-08 17:03:13,301 [INFO] 尝试从JSON路径 $.data.data[*][14] 获取值
2026-01-08 17:03:13,301 [INFO] 成功获取到值: YUANHONGSHUN
2026-01-08 17:03:13,317 [INFO] 尝试从JSON路径 $.data.data[*][13] 获取值
2026-01-08 17:03:13,317 [INFO] 成功获取到值: 鲁荣渔58396
2026-01-08 17:03:13,318 [INFO] 获取到的参数: targetId=2512310633514011143, mmsi=412271730, callSign=BQHN7, imo=1059981, terminal=1434522, vesselName=YUANHONGSHUN, shipName=鲁荣渔58396
2026-01-08 17:03:15,359 [INFO] 全局公共参数获取成功
2026-01-08 17:03:15,360 [INFO] 开始创建页面并执行登录
2026-01-08 17:03:15,609 [INFO] 正在导航到登录页面: http://10.100.0.184:11080/login
2026-01-08 17:03:34,248 [INFO] 正在执行登录操作
2026-01-08 17:03:38,578 [INFO] 登录成功
2026-01-08 17:03:38,578 [INFO] 首次执行：点击【目标筛选】→【一键筛选】
2026-01-08 17:03:41,482 [INFO] 开始执行测试用例: test_target_filter_by_oneClick[小目标]
2026-01-08 17:03:45,745 [INFO] 测试用例执行完成: test_target_filter_by_oneClick[小目标]
2026-01-08 17:03:45,752 [INFO] 已初始化一键筛选面板，跳过导航
2026-01-08 17:03:45,753 [INFO] 开始执行测试用例: test_target_filter_by_oneClick[高速目标]
2026-01-08 17:03:49,909 [INFO] 测试用例执行完成: test_target_filter_by_oneClick[高速目标]
2026-01-08 17:03:50,770 [ERROR] 添加Allure附件时出错: type object 'AttachmentType' has no attribute 'APPLICATION_ZIP'
2026-01-08 17:03:50,791 [INFO] 页面上下文已关闭
2026-01-08 17:03:51,276 [INFO] 浏览器实例已关闭
2026-01-08 18:14:19,223 [INFO] 开始启动浏览器实例
2026-01-08 18:14:19,994 [INFO] 浏览器实例启动成功
2026-01-08 18:14:22,084 [INFO] 开始获取全局公共参数
2026-01-08 18:14:22,084 [INFO] 正在请求登录接口获取token
2026-01-08 18:14:22,085 [INFO] 正在调用接口: POST http://10.100.0.184:11080/api/uaa/user/login
2026-01-08 18:14:24,315 [INFO] 接口调用成功: 200
2026-01-08 18:14:26,352 [INFO] 尝试从JSON路径 $.data.tokenValue 获取值
2026-01-08 18:14:26,353 [INFO] 成功获取到值: 12545320-0b86-4b2c-845d-f3c21f373842
2026-01-08 18:14:26,353 [INFO] 正在请求目标接口获取公共参数
2026-01-08 18:14:26,354 [INFO] 正在调用接口: POST http://10.100.0.184:11080/api/targetv2/target/all/simplified
2026-01-08 18:14:29,704 [INFO] 接口调用成功: 200
2026-01-08 18:14:31,745 [INFO] 正在调用接口: POST http://10.100.0.184:11080/api/targetv2/target/all/simplified
2026-01-08 18:14:34,544 [INFO] 接口调用成功: 200
2026-01-08 18:14:36,614 [INFO] 尝试从JSON路径 $.data.data[*][0] 获取值
2026-01-08 18:14:36,614 [INFO] 成功获取到值: 2512201459304050892
2026-01-08 18:14:36,631 [INFO] 尝试从JSON路径 $.data.data[*][2] 获取值
2026-01-08 18:14:36,632 [INFO] 成功获取到值: 636022156
2026-01-08 18:14:36,651 [INFO] 尝试从JSON路径 $.data.data[*][32] 获取值
2026-01-08 18:14:36,651 [INFO] 成功获取到值: 5LHK9
2026-01-08 18:14:36,668 [INFO] 尝试从JSON路径 $.data.data[*][31] 获取值
2026-01-08 18:14:36,668 [INFO] 成功获取到值: 9324667
2026-01-08 18:14:36,688 [INFO] 尝试从JSON路径 $.data.data[*][21] 获取值
2026-01-08 18:14:36,688 [INFO] 成功获取到值: 909800
2026-01-08 18:14:36,703 [INFO] 尝试从JSON路径 $.data.data[*][14] 获取值
2026-01-08 18:14:36,703 [INFO] 成功获取到值: AE SATURN
2026-01-08 18:14:36,719 [INFO] 尝试从JSON路径 $.data.data[*][13] 获取值
2026-01-08 18:14:36,720 [INFO] 成功获取到值: 鲁长渔养61391
2026-01-08 18:14:36,720 [INFO] 获取到的参数: targetId=2512201459304050892, mmsi=636022156, callSign=5LHK9, imo=9324667, terminal=909800, vesselName=AE SATURN, shipName=鲁长渔养61391
2026-01-08 18:14:38,769 [INFO] 全局公共参数获取成功
2026-01-08 18:14:38,771 [INFO] 开始创建页面并执行登录
2026-01-08 18:14:39,030 [INFO] 正在导航到登录页面: http://10.100.0.184:11080/login
2026-01-08 18:14:50,368 [INFO] 正在执行登录操作
2026-01-08 18:14:51,628 [INFO] 登录成功
2026-01-08 18:14:51,629 [INFO] 首次执行：点击【目标筛选】→【一键筛选】
2026-01-08 18:14:57,369 [INFO] 开始执行测试用例: test_target_filter_by_oneClick[小目标]
2026-01-08 18:14:57,514 [INFO] 已初始化一键筛选面板，跳过导航
2026-01-08 18:14:57,515 [INFO] 开始执行测试用例: test_target_filter_by_oneClick[高速目标]
2026-01-08 18:14:58,315 [ERROR] 添加Allure附件时出错: type object 'AttachmentType' has no attribute 'APPLICATION_ZIP'
2026-01-08 18:14:58,338 [INFO] 页面上下文已关闭
2026-01-08 18:14:58,839 [INFO] 浏览器实例已关闭
2026-01-08 18:15:50,955 [INFO] 开始启动浏览器实例
2026-01-08 18:15:51,643 [INFO] 浏览器实例启动成功
2026-01-08 18:15:53,715 [INFO] 开始获取全局公共参数
2026-01-08 18:15:53,716 [INFO] 正在请求登录接口获取token
2026-01-08 18:15:53,716 [INFO] 正在调用接口: POST http://10.100.0.184:11080/api/uaa/user/login
2026-01-08 18:15:56,120 [INFO] 接口调用成功: 200
2026-01-08 18:15:58,164 [INFO] 尝试从JSON路径 $.data.tokenValue 获取值
2026-01-08 18:15:58,165 [INFO] 成功获取到值: 12545320-0b86-4b2c-845d-f3c21f373842
2026-01-08 18:15:58,165 [INFO] 正在请求目标接口获取公共参数
2026-01-08 18:15:58,182 [INFO] 正在调用接口: POST http://10.100.0.184:11080/api/targetv2/target/all/simplified
2026-01-08 18:16:01,649 [INFO] 接口调用成功: 200
2026-01-08 18:16:03,694 [INFO] 正在调用接口: POST http://10.100.0.184:11080/api/targetv2/target/all/simplified
2026-01-08 18:16:07,251 [INFO] 接口调用成功: 200
2026-01-08 18:16:09,327 [INFO] 尝试从JSON路径 $.data.data[*][0] 获取值
2026-01-08 18:16:09,328 [INFO] 成功获取到值: 2512190643274086123
2026-01-08 18:16:09,346 [INFO] 尝试从JSON路径 $.data.data[*][2] 获取值
2026-01-08 18:16:09,346 [INFO] 成功获取到值: 412365360
2026-01-08 18:16:09,361 [INFO] 尝试从JSON路径 $.data.data[*][32] 获取值
2026-01-08 18:16:09,362 [INFO] 成功获取到值: 5LHK9
2026-01-08 18:16:09,381 [INFO] 尝试从JSON路径 $.data.data[*][31] 获取值
2026-01-08 18:16:09,381 [INFO] 成功获取到值: 9324667
2026-01-08 18:16:09,400 [INFO] 尝试从JSON路径 $.data.data[*][21] 获取值
2026-01-08 18:16:09,400 [INFO] 成功获取到值: 849243
2026-01-08 18:16:09,416 [INFO] 尝试从JSON路径 $.data.data[*][14] 获取值
2026-01-08 18:16:09,416 [INFO] 成功获取到值: YUHANGQIZHONG58
2026-01-08 18:16:09,433 [INFO] 尝试从JSON路径 $.data.data[*][13] 获取值
2026-01-08 18:16:09,433 [INFO] 成功获取到值: 鲁长渔养67615
2026-01-08 18:16:09,435 [INFO] 获取到的参数: targetId=2512190643274086123, mmsi=412365360, callSign=5LHK9, imo=9324667, terminal=849243, vesselName=YUHANGQIZHONG58, shipName=鲁长渔养67615
2026-01-08 18:16:11,473 [INFO] 全局公共参数获取成功
2026-01-08 18:16:11,474 [INFO] 开始创建页面并执行登录
2026-01-08 18:16:11,801 [INFO] 正在导航到登录页面: http://10.100.0.184:11080/login
2026-01-08 18:16:24,079 [INFO] 正在执行登录操作
2026-01-08 18:16:25,312 [INFO] 登录成功
2026-01-08 18:16:25,312 [INFO] 首次执行：点击【目标筛选】→【一键筛选】
2026-01-08 18:16:25,659 [INFO] 开始执行测试用例: test_target_filter_by_oneClick[小目标]
2026-01-08 18:16:29,946 [INFO] 测试用例执行完成: test_target_filter_by_oneClick[小目标]
2026-01-08 18:16:29,975 [INFO] 已初始化一键筛选面板，跳过导航
2026-01-08 18:16:29,976 [INFO] 开始执行测试用例: test_target_filter_by_oneClick[高速目标]
2026-01-08 18:16:34,116 [INFO] 测试用例执行完成: test_target_filter_by_oneClick[高速目标]
2026-01-08 18:16:34,856 [ERROR] 添加Allure附件时出错: type object 'AttachmentType' has no attribute 'APPLICATION_ZIP'
2026-01-08 18:16:34,890 [INFO] 页面上下文已关闭
2026-01-08 18:16:35,316 [INFO] 浏览器实例已关闭
2026-01-08 18:19:38,511 [INFO] 开始启动浏览器实例
2026-01-08 18:19:39,256 [INFO] 浏览器实例启动成功
2026-01-08 18:19:41,330 [INFO] 开始获取全局公共参数
2026-01-08 18:19:41,331 [INFO] 正在请求登录接口获取token
2026-01-08 18:19:41,331 [INFO] 正在调用接口: POST http://10.100.0.184:11080/api/uaa/user/login
2026-01-08 18:19:43,587 [INFO] 接口调用成功: 200
2026-01-08 18:19:45,625 [INFO] 尝试从JSON路径 $.data.tokenValue 获取值
2026-01-08 18:19:45,625 [INFO] 成功获取到值: 12545320-0b86-4b2c-845d-f3c21f373842
2026-01-08 18:19:45,625 [INFO] 正在请求目标接口获取公共参数
2026-01-08 18:19:45,643 [INFO] 正在调用接口: POST http://10.100.0.184:11080/api/targetv2/target/all/simplified
2026-01-08 18:19:50,816 [INFO] 接口调用成功: 200
2026-01-08 18:19:52,863 [INFO] 正在调用接口: POST http://10.100.0.184:11080/api/targetv2/target/all/simplified
2026-01-08 18:19:56,122 [INFO] 接口调用成功: 200
2026-01-08 18:19:58,180 [INFO] 尝试从JSON路径 $.data.data[*][0] 获取值
2026-01-08 18:19:58,180 [INFO] 成功获取到值: 2512201459304050892
2026-01-08 18:19:58,197 [INFO] 尝试从JSON路径 $.data.data[*][2] 获取值
2026-01-08 18:19:58,197 [INFO] 成功获取到值: 636022156
2026-01-08 18:19:58,213 [INFO] 尝试从JSON路径 $.data.data[*][32] 获取值
2026-01-08 18:19:58,213 [INFO] 成功获取到值: 5LHK9
2026-01-08 18:19:58,228 [INFO] 尝试从JSON路径 $.data.data[*][31] 获取值
2026-01-08 18:19:58,229 [INFO] 成功获取到值: 9324667
2026-01-08 18:19:58,244 [INFO] 尝试从JSON路径 $.data.data[*][21] 获取值
2026-01-08 18:19:58,244 [INFO] 成功获取到值: 876297
2026-01-08 18:19:58,261 [INFO] 尝试从JSON路径 $.data.data[*][14] 获取值
2026-01-08 18:19:58,261 [INFO] 成功获取到值: AE SATURN
2026-01-08 18:19:58,280 [INFO] 尝试从JSON路径 $.data.data[*][13] 获取值
2026-01-08 18:19:58,280 [INFO] 成功获取到值: 鲁昌渔64357
2026-01-08 18:19:58,281 [INFO] 获取到的参数: targetId=2512201459304050892, mmsi=636022156, callSign=5LHK9, imo=9324667, terminal=876297, vesselName=AE SATURN, shipName=鲁昌渔64357
2026-01-08 18:20:00,327 [INFO] 全局公共参数获取成功
2026-01-08 18:20:00,330 [INFO] 开始创建页面并执行登录
2026-01-08 18:20:00,591 [INFO] 正在导航到登录页面: http://10.100.0.184:11080/login
2026-01-08 18:20:15,012 [INFO] 正在执行登录操作
2026-01-08 18:20:16,214 [INFO] 登录成功
2026-01-08 18:20:16,214 [INFO] 首次执行：点击【目标筛选】→【一键筛选】
2026-01-08 18:20:16,606 [INFO] 开始执行测试用例: test_target_filter_by_oneClick[小目标]
2026-01-08 18:20:20,848 [INFO] 测试用例执行完成: test_target_filter_by_oneClick[小目标]
2026-01-08 18:20:20,856 [INFO] 已初始化一键筛选面板，跳过导航
2026-01-08 18:20:20,857 [INFO] 开始执行测试用例: test_target_filter_by_oneClick[高速目标]
2026-01-08 18:20:25,008 [INFO] 测试用例执行完成: test_target_filter_by_oneClick[高速目标]
2026-01-08 18:20:25,011 [INFO] 已初始化一键筛选面板，跳过导航
2026-01-08 18:20:25,014 [INFO] 开始执行测试用例: test_target_filter_by_oneClick[低速目标]
2026-01-08 18:20:29,175 [INFO] 测试用例执行完成: test_target_filter_by_oneClick[低速目标]
2026-01-08 18:20:29,201 [INFO] 已初始化一键筛选面板，跳过导航
2026-01-08 18:20:29,202 [INFO] 开始执行测试用例: test_target_filter_by_oneClick[非大陆籍]
2026-01-08 18:20:33,333 [INFO] 测试用例执行完成: test_target_filter_by_oneClick[非大陆籍]
2026-01-08 18:20:33,339 [INFO] 已初始化一键筛选面板，跳过导航
2026-01-08 18:20:33,340 [INFO] 开始执行测试用例: test_target_filter_by_oneClick[渔船]
2026-01-08 18:20:37,467 [INFO] 测试用例执行完成: test_target_filter_by_oneClick[渔船]
2026-01-08 18:20:37,480 [INFO] 已初始化一键筛选面板，跳过导航
2026-01-08 18:20:37,481 [INFO] 开始执行测试用例: test_target_filter_by_oneClick[纯雷达]
2026-01-08 18:20:41,625 [INFO] 测试用例执行完成: test_target_filter_by_oneClick[纯雷达]
2026-01-08 18:20:41,633 [INFO] 已初始化一键筛选面板，跳过导航
2026-01-08 18:20:41,633 [INFO] 开始执行测试用例: test_target_filter_by_oneClick[AIS目标]
2026-01-08 18:20:41,687 [ERROR] 搜索 AIS目标 时发生错误: Locator.click: Error: strict mode violation: locator("text=AIS目标") resolved to 3 elements:
    1) <span>AIS目标</span> aka get_by_role("button", name="AIS目标")
    2) <div title="AIS目标" class="manual-btn">AIS目标</div> aka get_by_title("AIS目标", exact=True)
    3) <div title="雷达AIS目标" class="manual-btn">雷达AIS目标</div> aka get_by_text("雷达AIS目标", exact=True)

Call log:
  - waiting for locator("text=AIS目标")

2026-01-08 18:20:41,781 [INFO] 已初始化一键筛选面板，跳过导航
2026-01-08 18:20:41,781 [INFO] 开始执行测试用例: test_target_filter_by_oneClick[北斗目标]
2026-01-08 18:20:41,828 [ERROR] 搜索 北斗目标 时发生错误: Locator.click: Error: strict mode violation: locator("text=北斗目标") resolved to 2 elements:
    1) <span>北斗目标</span> aka get_by_role("button", name="北斗目标")
    2) <span>北斗目标</span> aka locator("form").get_by_text("北斗目标")

Call log:
  - waiting for locator("text=北斗目标")

2026-01-08 18:20:42,890 [ERROR] 添加Allure附件时出错: type object 'AttachmentType' has no attribute 'APPLICATION_ZIP'
2026-01-08 18:20:42,926 [INFO] 页面上下文已关闭
2026-01-08 18:20:43,409 [INFO] 浏览器实例已关闭
